<?xml version='1.0' encoding='UTF-8'?>
<testsuite hostname="ubuntu" name="homeworks.collections.seq_riddle_test" tests="2" errors="0" failures="0" skipped="0" time="0.021" timestamp="2020-12-20T19:15:58">
                     <properties>
[...]
</properties>
                     <testcase classname="homeworks.collections.seq_riddle_test" name="nextLine should produce next line" time="0.02">
                                                 
                                               </testcase><testcase classname="homeworks.collections.seq_riddle_test" name="funSeq should produce next line" time="0.001">
                                                 
                                               </testcase>
                     <system-out><![CDATA[]]></system-out>
                     <system-err><![CDATA[]]></system-err>
                   </testsuite>